Imprimindo gramática PacmanAtributo...
	Grafo tipo: 
	Grafo host: 
		 Grafo:
		  Tipo: HOST
		  Nodos:
		   Nodo 0:
			Type: I3
			ID: I34
		   Nodo 1:
			Type: I2
			ID: I38
		   Nodo 2:
			Type: I4
			ID: I39
		   Nodo 3:
			Type: I4
			ID: I36
		   Nodo 4:
			Type: I6
			ID: I40
			Atributos:
				Atributo 1:
					ID: I8
					Tipo: int
					Valor: 0
		   Nodo 5:
			Type: I5
			ID: I30
		   Nodo 6:
			Type: I5
			ID: I27
		   Nodo 7:
			Type: I5
			ID: I31
		   Nodo 8:
			Type: I5
			ID: I32
		   Nodo 9:
			Type: I5
			ID: I25
		   Nodo 10:
			Type: I5
			ID: I26
		   Nodo 11:
			Type: I5
			ID: I29
		   Nodo 12:
			Type: I5
			ID: I33
		   Nodo 13:
			Type: I3
			ID: I35
		   Nodo 14:
			Type: I4
			ID: I43
		   Nodo 15:
			Type: I5
			ID: I28
		   Nodo 16:
			Type: I4
			ID: I37
		  Arestas:
		   Aresta 0:
			Type: I10
			ID: I61
			Nodo Fonte: I43
			Nodo Destino: I26
		   Aresta 1:
			Type: I12
			ID: I60
			Nodo Fonte: I35
			Nodo Destino: I31
		   Aresta 2:
			Type: I9
			ID: I49
			Nodo Fonte: I30
			Nodo Destino: I31
		   Aresta 3:
			Type: I9
			ID: I45
			Nodo Fonte: I26
			Nodo Destino: I27
		   Aresta 4:
			Type: I9
			ID: I46
			Nodo Fonte: I27
			Nodo Destino: I28
		   Aresta 5:
			Type: I9
			ID: I51
			Nodo Fonte: I33
			Nodo Destino: I25
		   Aresta 6:
			Type: I12
			ID: I59
			Nodo Fonte: I34
			Nodo Destino: I29
		   Aresta 7:
			Type: I9
			ID: I48
			Nodo Fonte: I29
			Nodo Destino: I30
		   Aresta 8:
			Type: I9
			ID: I55
			Nodo Fonte: I32
			Nodo Destino: I30
		   Aresta 9:
			Type: I10
			ID: I57
			Nodo Fonte: I37
			Nodo Destino: I30
		   Aresta 10:
			Type: I10
			ID: I58
			Nodo Fonte: I39
			Nodo Destino: I33
		   Aresta 11:
			Type: I9
			ID: I53
			Nodo Fonte: I32
			Nodo Destino: I26
		   Aresta 12:
			Type: I9
			ID: I54
			Nodo Fonte: I32
			Nodo Destino: I28
		   Aresta 13:
			Type: I10
			ID: I56
			Nodo Fonte: I36
			Nodo Destino: I28
		   Aresta 14:
			Type: I9
			ID: I47
			Nodo Fonte: I28
			Nodo Destino: I29
		   Aresta 15:
			Type: I9
			ID: I52
			Nodo Fonte: I33
			Nodo Destino: I32
		   Aresta 16:
			Type: I11
			ID: I62
			Nodo Fonte: I38
			Nodo Destino: I25
		   Aresta 17:
			Type: I9
			ID: I44
			Nodo Fonte: I25
			Nodo Destino: I26
		   Aresta 18:
			Type: I9
			ID: I50
			Nodo Fonte: I31
			Nodo Destino: I33
	Imprimindo as regras:
		Imprimindo a regra MoveForwardGhost:
		 Grafo:
		  Tipo: LHS
		  Nodos:
		   Nodo 0:
			Type: I5
			ID: I138
		   Nodo 1:
			Type: I5
			ID: I139
		   Nodo 2:
			Type: I3
			ID: I140
		   Nodo 3:
			Type: I4
			ID: I141
		   Nodo 4:
			Type: I2
			ID: I142
		  Arestas:
		   Aresta 0:
			Type: I9
			ID: I143
			Nodo Fonte: I138
			Nodo Destino: I139
		   Aresta 1:
			Type: I12
			ID: I144
			Nodo Fonte: I140
			Nodo Destino: I138
		 Grafo:
		  Tipo: RHS
		  Nodos:
		   Nodo 0:
			Type: I3
			ID: I148
		   Nodo 1:
			Type: I5
			ID: I147
		   Nodo 2:
			Type: I5
			ID: I146
		   Nodo 3:
			Type: I4
			ID: I149
		   Nodo 4:
			Type: I2
			ID: I150
		  Arestas:
		   Aresta 0:
			Type: I12
			ID: I152
			Nodo Fonte: I148
			Nodo Destino: I147
		   Aresta 1:
			Type: I9
			ID: I151
			Nodo Fonte: I146
			Nodo Destino: I147
			Imprimindo NACs...
		 Grafo:
		  Tipo: NAC
		  Nodos:
		   Nodo 0:
			Type: I3
			ID: I154
		   Nodo 1:
			Type: I5
			ID: I155
		   Nodo 2:
			Type: I2
			ID: I156
		  Arestas:
		   Aresta 0:
			Type: I11
			ID: I158
			Nodo Fonte: I156
			Nodo Destino: I155
		   Aresta 1:
			Type: I12
			ID: I157
			Nodo Fonte: I154
			Nodo Destino: I155
		Imprimindo a regra MoveBackGhost:
		 Grafo:
		  Tipo: LHS
		  Nodos:
		   Nodo 0:
			Type: I4
			ID: I208
		   Nodo 1:
			Type: I5
			ID: I205
		   Nodo 2:
			Type: I3
			ID: I206
		   Nodo 3:
			Type: I2
			ID: I207
		   Nodo 4:
			Type: I5
			ID: I204
		  Arestas:
		   Aresta 0:
			Type: I12
			ID: I210
			Nodo Fonte: I206
			Nodo Destino: I205
		   Aresta 1:
			Type: I9
			ID: I209
			Nodo Fonte: I204
			Nodo Destino: I205
		 Grafo:
		  Tipo: RHS
		  Nodos:
		   Nodo 0:
			Type: I5
			ID: I212
		   Nodo 1:
			Type: I4
			ID: I216
		   Nodo 2:
			Type: I2
			ID: I215
		   Nodo 3:
			Type: I3
			ID: I214
		   Nodo 4:
			Type: I5
			ID: I213
		  Arestas:
		   Aresta 0:
			Type: I12
			ID: I218
			Nodo Fonte: I214
			Nodo Destino: I212
		   Aresta 1:
			Type: I9
			ID: I217
			Nodo Fonte: I212
			Nodo Destino: I213
			Imprimindo NACs...
		 Grafo:
		  Tipo: NAC
		  Nodos:
		   Nodo 0:
			Type: I3
			ID: I221
		   Nodo 1:
			Type: I5
			ID: I220
		   Nodo 2:
			Type: I2
			ID: I222
		  Arestas:
		   Aresta 0:
			Type: I12
			ID: I223
			Nodo Fonte: I221
			Nodo Destino: I220
		   Aresta 1:
			Type: I11
			ID: I224
			Nodo Fonte: I222
			Nodo Destino: I220
		Imprimindo a regra MoveForwardPacman:
		 Grafo:
		  Tipo: LHS
		  Nodos:
		   Nodo 0:
			Type: I2
			ID: I98
		   Nodo 1:
			Type: I5
			ID: I96
		   Nodo 2:
			Type: I5
			ID: I97
		   Nodo 3:
			Type: I4
			ID: I99
		  Arestas:
		   Aresta 0:
			Type: I11
			ID: I101
			Nodo Fonte: I98
			Nodo Destino: I96
		   Aresta 1:
			Type: I9
			ID: I100
			Nodo Fonte: I96
			Nodo Destino: I97
		 Grafo:
		  Tipo: RHS
		  Nodos:
		   Nodo 0:
			Type: I2
			ID: I104
		   Nodo 1:
			Type: I5
			ID: I103
		   Nodo 2:
			Type: I4
			ID: I106
		   Nodo 3:
			Type: I5
			ID: I105
		  Arestas:
		   Aresta 0:
			Type: I11
			ID: I108
			Nodo Fonte: I104
			Nodo Destino: I105
		   Aresta 1:
			Type: I9
			ID: I107
			Nodo Fonte: I103
			Nodo Destino: I105
			Imprimindo NACs...
		 Grafo:
		  Tipo: NAC
		  Nodos:
		   Nodo 0:
			Type: I2
			ID: I131
		   Nodo 1:
			Type: I5
			ID: I130
		   Nodo 2:
			Type: I4
			ID: I132
		  Arestas:
		   Aresta 0:
			Type: I10
			ID: I133
			Nodo Fonte: I132
			Nodo Destino: I130
		   Aresta 1:
			Type: I11
			ID: I134
			Nodo Fonte: I131
			Nodo Destino: I130
		 Grafo:
		  Tipo: NAC
		  Nodos:
		   Nodo 0:
			Type: I3
			ID: I126
		   Nodo 1:
			Type: I5
			ID: I124
		   Nodo 2:
			Type: I5
			ID: I125
		  Arestas:
		   Aresta 0:
			Type: I9
			ID: I128
			Nodo Fonte: I125
			Nodo Destino: I124
		   Aresta 1:
			Type: I12
			ID: I127
			Nodo Fonte: I126
			Nodo Destino: I125
		 Grafo:
		  Tipo: NAC
		  Nodos:
		   Nodo 0:
			Type: I5
			ID: I112
		   Nodo 1:
			Type: I5
			ID: I110
		   Nodo 2:
			Type: I2
			ID: I111
		   Nodo 3:
			Type: I3
			ID: I113
		  Arestas:
		   Aresta 0:
			Type: I12
			ID: I116
			Nodo Fonte: I113
			Nodo Destino: I112
		   Aresta 1:
			Type: I11
			ID: I114
			Nodo Fonte: I111
			Nodo Destino: I110
		   Aresta 2:
			Type: I9
			ID: I115
			Nodo Fonte: I110
			Nodo Destino: I112
		 Grafo:
		  Tipo: NAC
		  Nodos:
		   Nodo 0:
			Type: I5
			ID: I119
		   Nodo 1:
			Type: I3
			ID: I120
		   Nodo 2:
			Type: I5
			ID: I118
		  Arestas:
		   Aresta 0:
			Type: I12
			ID: I122
			Nodo Fonte: I120
			Nodo Destino: I119
		   Aresta 1:
			Type: I9
			ID: I121
			Nodo Fonte: I118
			Nodo Destino: I119
		Imprimindo a regra Kill:
		 Grafo:
		  Tipo: LHS
		  Nodos:
		   Nodo 0:
			Type: I2
			ID: I67
		   Nodo 1:
			Type: I3
			ID: I68
		   Nodo 2:
			Type: I5
			ID: I66
		  Arestas:
		   Aresta 0:
			Type: I12
			ID: I69
			Nodo Fonte: I68
			Nodo Destino: I66
		   Aresta 1:
			Type: I11
			ID: I70
			Nodo Fonte: I67
			Nodo Destino: I66
		 Grafo:
		  Tipo: RHS
		  Nodos:
		   Nodo 0:
			Type: I3
			ID: I73
		   Nodo 1:
			Type: I5
			ID: I72
		  Arestas:
		   Aresta 0:
			Type: I12
			ID: I74
			Nodo Fonte: I73
			Nodo Destino: I72
			Este grafo não possui NACs.
		Imprimindo a regra Eat:
		 Grafo:
		  Tipo: LHS
		  Nodos:
		   Nodo 0:
			Type: I5
			ID: I78
		   Nodo 1:
			Type: I2
			ID: I79
		   Nodo 2:
			Type: I6
			ID: I81
			Atributos:
				Atributo 1:
					ID: I8
					Tipo: int
					Valor: s
		   Nodo 3:
			Type: I4
			ID: I80
		  Arestas:
		   Aresta 0:
			Type: I11
			ID: I85
			Nodo Fonte: I79
			Nodo Destino: I78
		   Aresta 1:
			Type: I10
			ID: I84
			Nodo Fonte: I80
			Nodo Destino: I78
		 Grafo:
		  Tipo: RHS
		  Nodos:
		   Nodo 0:
			Type: I2
			ID: I87
		   Nodo 1:
			Type: I5
			ID: I88
		   Nodo 2:
			Type: I6
			ID: I89
			Atributos:
				Atributo 1:
					ID: I8
					Tipo: int
					Valor: s+1
		  Arestas:
		   Aresta 0:
			Type: I11
			ID: I92
			Nodo Fonte: I87
			Nodo Destino: I88
			Este grafo não possui NACs.
		Imprimindo a regra MovaBackPacman:
		 Grafo:
		  Tipo: LHS
		  Nodos:
		   Nodo 0:
			Type: I2
			ID: I163
		   Nodo 1:
			Type: I5
			ID: I164
		   Nodo 2:
			Type: I4
			ID: I165
		   Nodo 3:
			Type: I5
			ID: I162
		  Arestas:
		   Aresta 0:
			Type: I11
			ID: I167
			Nodo Fonte: I163
			Nodo Destino: I164
		   Aresta 1:
			Type: I9
			ID: I166
			Nodo Fonte: I162
			Nodo Destino: I164
		 Grafo:
		  Tipo: RHS
		  Nodos:
		   Nodo 0:
			Type: I5
			ID: I170
		   Nodo 1:
			Type: I2
			ID: I171
		   Nodo 2:
			Type: I4
			ID: I172
		   Nodo 3:
			Type: I5
			ID: I169
		  Arestas:
		   Aresta 0:
			Type: I11
			ID: I174
			Nodo Fonte: I171
			Nodo Destino: I169
		   Aresta 1:
			Type: I9
			ID: I173
			Nodo Fonte: I169
			Nodo Destino: I170
			Imprimindo NACs...
		 Grafo:
		  Tipo: NAC
		  Nodos:
		   Nodo 0:
			Type: I3
			ID: I192
		   Nodo 1:
			Type: I5
			ID: I191
		   Nodo 2:
			Type: I5
			ID: I190
		  Arestas:
		   Aresta 0:
			Type: I9
			ID: I194
			Nodo Fonte: I191
			Nodo Destino: I190
		   Aresta 1:
			Type: I12
			ID: I193
			Nodo Fonte: I192
			Nodo Destino: I191
		 Grafo:
		  Tipo: NAC
		  Nodos:
		   Nodo 0:
			Type: I4
			ID: I198
		   Nodo 1:
			Type: I5
			ID: I197
		   Nodo 2:
			Type: I2
			ID: I196
		  Arestas:
		   Aresta 0:
			Type: I10
			ID: I200
			Nodo Fonte: I198
			Nodo Destino: I197
		   Aresta 1:
			Type: I11
			ID: I199
			Nodo Fonte: I196
			Nodo Destino: I197
		 Grafo:
		  Tipo: NAC
		  Nodos:
		   Nodo 0:
			Type: I3
			ID: I179
		   Nodo 1:
			Type: I2
			ID: I178
		   Nodo 2:
			Type: I5
			ID: I176
		   Nodo 3:
			Type: I5
			ID: I177
		  Arestas:
		   Aresta 0:
			Type: I12
			ID: I182
			Nodo Fonte: I179
			Nodo Destino: I176
		   Aresta 1:
			Type: I9
			ID: I180
			Nodo Fonte: I176
			Nodo Destino: I177
		   Aresta 2:
			Type: I11
			ID: I181
			Nodo Fonte: I178
			Nodo Destino: I177
		 Grafo:
		  Tipo: NAC
		  Nodos:
		   Nodo 0:
			Type: I5
			ID: I185
		   Nodo 1:
			Type: I3
			ID: I186
		   Nodo 2:
			Type: I5
			ID: I184
		  Arestas:
		   Aresta 0:
			Type: I9
			ID: I187
			Nodo Fonte: I184
			Nodo Destino: I185
		   Aresta 1:
			Type: I12
			ID: I188
			Nodo Fonte: I186
			Nodo Destino: I185
