Imprimindo gramática pacman...
	Grafo tipo: 
	Grafo host: 
		 Grafo:
		  Tipo: HOST
		  Nodos:
		   Nodo 0:
			Type: I2
			ID: I28
		   Nodo 1:
			Type: I2
			ID: I20
		   Nodo 2:
			Type: I4
			ID: I43
		   Nodo 3:
			Type: I2
			ID: I29
		   Nodo 4:
			Type: I2
			ID: I40
		   Nodo 5:
			Type: I3
			ID: I42
		   Nodo 6:
			Type: I5
			ID: I48
		   Nodo 7:
			Type: I2
			ID: I35
		   Nodo 8:
			Type: I2
			ID: I32
		   Nodo 9:
			Type: I2
			ID: I33
		   Nodo 10:
			Type: I2
			ID: I34
		   Nodo 11:
			Type: I2
			ID: I21
		   Nodo 12:
			Type: I2
			ID: I19
		   Nodo 13:
			Type: I2
			ID: I22
		   Nodo 14:
			Type: I2
			ID: I39
		   Nodo 15:
			Type: I2
			ID: I24
		   Nodo 16:
			Type: I2
			ID: I41
		   Nodo 17:
			Type: I4
			ID: I49
		   Nodo 18:
			Type: I2
			ID: I26
		   Nodo 19:
			Type: I2
			ID: I27
		   Nodo 20:
			Type: I5
			ID: I47
		   Nodo 21:
			Type: I4
			ID: I44
		   Nodo 22:
			Type: I2
			ID: I31
		   Nodo 23:
			Type: I2
			ID: I23
		   Nodo 24:
			Type: I2
			ID: I38
		   Nodo 25:
			Type: I2
			ID: I36
		   Nodo 26:
			Type: I4
			ID: I45
		   Nodo 27:
			Type: I2
			ID: I37
		   Nodo 28:
			Type: I2
			ID: I25
		   Nodo 29:
			Type: I4
			ID: I46
		   Nodo 30:
			Type: I2
			ID: I30
		  Arestas:
		   Aresta 0:
			Type: I6
			ID: I79
			Nodo Fonte: I47
			Nodo Destino: I26
		   Aresta 1:
			Type: I7
			ID: I73
			Nodo Fonte: I43
			Nodo Destino: I35
		   Aresta 2:
			Type: I6
			ID: I67
			Nodo Fonte: I36
			Nodo Destino: I37
		   Aresta 3:
			Type: I6
			ID: I62
			Nodo Fonte: I32
			Nodo Destino: I33
		   Aresta 4:
			Type: I7
			ID: I76
			Nodo Fonte: I45
			Nodo Destino: I38
		   Aresta 5:
			Type: I6
			ID: I65
			Nodo Fonte: I24
			Nodo Destino: I35
		   Aresta 6:
			Type: I6
			ID: I51
			Nodo Fonte: I20
			Nodo Destino: I21
		   Aresta 7:
			Type: I6
			ID: I61
			Nodo Fonte: I30
			Nodo Destino: I32
		   Aresta 8:
			Type: I6
			ID: I50
			Nodo Fonte: I19
			Nodo Destino: I20
		   Aresta 9:
			Type: I6
			ID: I60
			Nodo Fonte: I31
			Nodo Destino: I30
		   Aresta 10:
			Type: I7
			ID: I77
			Nodo Fonte: I49
			Nodo Destino: I21
		   Aresta 11:
			Type: I6
			ID: I70
			Nodo Fonte: I39
			Nodo Destino: I40
		   Aresta 12:
			Type: I7
			ID: I74
			Nodo Fonte: I46
			Nodo Destino: I31
		   Aresta 13:
			Type: I6
			ID: I55
			Nodo Fonte: I25
			Nodo Destino: I26
		   Aresta 14:
			Type: I6
			ID: I58
			Nodo Fonte: I27
			Nodo Destino: I29
		   Aresta 15:
			Type: I6
			ID: I71
			Nodo Fonte: I41
			Nodo Destino: I39
		   Aresta 16:
			Type: I7
			ID: I75
			Nodo Fonte: I44
			Nodo Destino: I29
		   Aresta 17:
			Type: I6
			ID: I69
			Nodo Fonte: I38
			Nodo Destino: I39
		   Aresta 18:
			Type: I6
			ID: I64
			Nodo Fonte: I34
			Nodo Destino: I28
		   Aresta 19:
			Type: I6
			ID: I80
			Nodo Fonte: I48
			Nodo Destino: I39
		   Aresta 20:
			Type: I6
			ID: I59
			Nodo Fonte: I29
			Nodo Destino: I30
		   Aresta 21:
			Type: I6
			ID: I68
			Nodo Fonte: I37
			Nodo Destino: I38
		   Aresta 22:
			Type: I6
			ID: I72
			Nodo Fonte: I33
			Nodo Destino: I41
		   Aresta 23:
			Type: I8
			ID: I78
			Nodo Fonte: I42
			Nodo Destino: I19
		   Aresta 24:
			Type: I6
			ID: I56
			Nodo Fonte: I26
			Nodo Destino: I27
		   Aresta 25:
			Type: I6
			ID: I66
			Nodo Fonte: I35
			Nodo Destino: I36
		   Aresta 26:
			Type: I6
			ID: I52
			Nodo Fonte: I21
			Nodo Destino: I22
		   Aresta 27:
			Type: I6
			ID: I57
			Nodo Fonte: I27
			Nodo Destino: I28
		   Aresta 28:
			Type: I6
			ID: I53
			Nodo Fonte: I22
			Nodo Destino: I24
		   Aresta 29:
			Type: I6
			ID: I63
			Nodo Fonte: I23
			Nodo Destino: I20
		   Aresta 30:
			Type: I6
			ID: I54
			Nodo Fonte: I19
			Nodo Destino: I25
	Imprimindo as regras:
		Imprimindo a regra act_tgtTest:
		 Grafo:
		  Tipo: LHS
		  Nodos:
		   Nodo 0:
			Type: I2
			ID: I239
		   Nodo 1:
			Type: I5
			ID: I241
		   Nodo 2:
			Type: I5
			ID: I240
		  Arestas:
		   Aresta 0:
			Type: I6
			ID: I242
			Nodo Fonte: I241
			Nodo Destino: I239
		   Aresta 1:
			Type: I6
			ID: I243
			Nodo Fonte: I240
			Nodo Destino: I239
		 Grafo:
		  Tipo: RHS
		  Nodos:
		   Nodo 0:
			Type: I2
			ID: I246
		   Nodo 1:
			Type: I5
			ID: I247
		   Nodo 2:
			Type: I5
			ID: I245
		   Nodo 3:
			Type: I2
			ID: I248
		  Arestas:
		   Aresta 0:
			Type: I6
			ID: I250
			Nodo Fonte: I246
			Nodo Destino: I248
		   Aresta 1:
			Type: I6
			ID: I251
			Nodo Fonte: I247
			Nodo Destino: I248
		   Aresta 2:
			Type: I6
			ID: I249
			Nodo Fonte: I245
			Nodo Destino: I246
			Este grafo não possui NACs.
		Imprimindo a regra kill:
		 Grafo:
		  Tipo: LHS
		  Nodos:
		   Nodo 0:
			Type: I2
			ID: I209
		   Nodo 1:
			Type: I5
			ID: I211
		   Nodo 2:
			Type: I3
			ID: I210
		  Arestas:
		   Aresta 0:
			Type: I6
			ID: I213
			Nodo Fonte: I211
			Nodo Destino: I209
		   Aresta 1:
			Type: I8
			ID: I212
			Nodo Fonte: I210
			Nodo Destino: I209
		 Grafo:
		  Tipo: RHS
		  Nodos:
		   Nodo 0:
			Type: I5
			ID: I216
		   Nodo 1:
			Type: I2
			ID: I215
		  Arestas:
		   Aresta 0:
			Type: I6
			ID: I217
			Nodo Fonte: I216
			Nodo Destino: I215
			Este grafo não possui NACs.
		Imprimindo a regra moveToP:
		 Grafo:
		  Tipo: LHS
		  Nodos:
		   Nodo 0:
			Type: I2
			ID: I85
		   Nodo 1:
			Type: I4
			ID: I87
		   Nodo 2:
			Type: I2
			ID: I84
		   Nodo 3:
			Type: I3
			ID: I86
		  Arestas:
		   Aresta 0:
			Type: I8
			ID: I89
			Nodo Fonte: I86
			Nodo Destino: I84
		   Aresta 1:
			Type: I6
			ID: I88
			Nodo Fonte: I84
			Nodo Destino: I85
		 Grafo:
		  Tipo: RHS
		  Nodos:
		   Nodo 0:
			Type: I2
			ID: I92
		   Nodo 1:
			Type: I2
			ID: I91
		   Nodo 2:
			Type: I3
			ID: I93
		   Nodo 3:
			Type: I4
			ID: I94
		  Arestas:
		   Aresta 0:
			Type: I8
			ID: I96
			Nodo Fonte: I93
			Nodo Destino: I92
		   Aresta 1:
			Type: I6
			ID: I95
			Nodo Fonte: I91
			Nodo Destino: I92
			Imprimindo NACs...
		 Grafo:
		  Tipo: NAC
		  Nodos:
		   Nodo 0:
			Type: I2
			ID: I98
		   Nodo 1:
			Type: I5
			ID: I99
		  Arestas:
		   Aresta 0:
			Type: I6
			ID: I100
			Nodo Fonte: I99
			Nodo Destino: I98
		 Grafo:
		  Tipo: NAC
		  Nodos:
		   Nodo 0:
			Type: I2
			ID: I102
		   Nodo 1:
			Type: I4
			ID: I103
		  Arestas:
		   Aresta 0:
			Type: I7
			ID: I104
			Nodo Fonte: I103
			Nodo Destino: I102
		 Grafo:
		  Tipo: NAC
		  Nodos:
		   Nodo 0:
			Type: I4
			ID: I113
		   Nodo 1:
			Type: I2
			ID: I112
		  Arestas:
		   Aresta 0:
			Type: I7
			ID: I114
			Nodo Fonte: I113
			Nodo Destino: I112
		 Grafo:
		  Tipo: NAC
		  Nodos:
		   Nodo 0:
			Type: I5
			ID: I108
		   Nodo 1:
			Type: I2
			ID: I106
		   Nodo 2:
			Type: I2
			ID: I107
		  Arestas:
		   Aresta 0:
			Type: I6
			ID: I110
			Nodo Fonte: I108
			Nodo Destino: I107
		   Aresta 1:
			Type: I6
			ID: I109
			Nodo Fonte: I106
			Nodo Destino: I107
		Imprimindo a regra eat:
		 Grafo:
		  Tipo: LHS
		  Nodos:
		   Nodo 0:
			Type: I3
			ID: I198
		   Nodo 1:
			Type: I4
			ID: I199
		   Nodo 2:
			Type: I2
			ID: I197
		  Arestas:
		   Aresta 0:
			Type: I8
			ID: I201
			Nodo Fonte: I198
			Nodo Destino: I197
		   Aresta 1:
			Type: I7
			ID: I200
			Nodo Fonte: I199
			Nodo Destino: I197
		 Grafo:
		  Tipo: RHS
		  Nodos:
		   Nodo 0:
			Type: I3
			ID: I204
		   Nodo 1:
			Type: I2
			ID: I203
		  Arestas:
		   Aresta 0:
			Type: I8
			ID: I205
			Nodo Fonte: I204
			Nodo Destino: I203
			Este grafo não possui NACs.
		Imprimindo a regra moveToG:
		 Grafo:
		  Tipo: LHS
		  Nodos:
		   Nodo 0:
			Type: I3
			ID: I155
		   Nodo 1:
			Type: I2
			ID: I152
		   Nodo 2:
			Type: I2
			ID: I153
		   Nodo 3:
			Type: I4
			ID: I156
		   Nodo 4:
			Type: I5
			ID: I154
		  Arestas:
		   Aresta 0:
			Type: I6
			ID: I157
			Nodo Fonte: I152
			Nodo Destino: I153
		   Aresta 1:
			Type: I6
			ID: I158
			Nodo Fonte: I154
			Nodo Destino: I152
		 Grafo:
		  Tipo: RHS
		  Nodos:
		   Nodo 0:
			Type: I2
			ID: I160
		   Nodo 1:
			Type: I2
			ID: I162
		   Nodo 2:
			Type: I4
			ID: I164
		   Nodo 3:
			Type: I3
			ID: I163
		   Nodo 4:
			Type: I5
			ID: I161
		  Arestas:
		   Aresta 0:
			Type: I6
			ID: I165
			Nodo Fonte: I160
			Nodo Destino: I162
		   Aresta 1:
			Type: I6
			ID: I166
			Nodo Fonte: I161
			Nodo Destino: I162
			Imprimindo NACs...
		 Grafo:
		  Tipo: NAC
		  Nodos:
		   Nodo 0:
			Type: I2
			ID: I168
		   Nodo 1:
			Type: I3
			ID: I169
		  Arestas:
		   Aresta 0:
			Type: I8
			ID: I170
			Nodo Fonte: I169
			Nodo Destino: I168
		Imprimindo a regra moveBackG:
		 Grafo:
		  Tipo: LHS
		  Nodos:
		   Nodo 0:
			Type: I4
			ID: I178
		   Nodo 1:
			Type: I3
			ID: I177
		   Nodo 2:
			Type: I2
			ID: I176
		   Nodo 3:
			Type: I5
			ID: I174
		   Nodo 4:
			Type: I2
			ID: I175
		  Arestas:
		   Aresta 0:
			Type: I6
			ID: I179
			Nodo Fonte: I175
			Nodo Destino: I176
		   Aresta 1:
			Type: I6
			ID: I180
			Nodo Fonte: I174
			Nodo Destino: I176
		 Grafo:
		  Tipo: RHS
		  Nodos:
		   Nodo 0:
			Type: I2
			ID: I183
		   Nodo 1:
			Type: I2
			ID: I182
		   Nodo 2:
			Type: I3
			ID: I185
		   Nodo 3:
			Type: I5
			ID: I184
		   Nodo 4:
			Type: I4
			ID: I186
		  Arestas:
		   Aresta 0:
			Type: I6
			ID: I187
			Nodo Fonte: I183
			Nodo Destino: I182
		   Aresta 1:
			Type: I6
			ID: I188
			Nodo Fonte: I184
			Nodo Destino: I183
			Imprimindo NACs...
		 Grafo:
		  Tipo: NAC
		  Nodos:
		   Nodo 0:
			Type: I2
			ID: I192
		   Nodo 1:
			Type: I2
			ID: I191
		   Nodo 2:
			Type: I3
			ID: I190
		  Arestas:
		   Aresta 0:
			Type: I8
			ID: I193
			Nodo Fonte: I190
			Nodo Destino: I191
		Imprimindo a regra moveBackP:
		 Grafo:
		  Tipo: LHS
		  Nodos:
		   Nodo 0:
			Type: I2
			ID: I119
		   Nodo 1:
			Type: I3
			ID: I118
		   Nodo 2:
			Type: I2
			ID: I120
		   Nodo 3:
			Type: I4
			ID: I121
		  Arestas:
		   Aresta 0:
			Type: I8
			ID: I122
			Nodo Fonte: I118
			Nodo Destino: I120
		   Aresta 1:
			Type: I6
			ID: I123
			Nodo Fonte: I119
			Nodo Destino: I120
		 Grafo:
		  Tipo: RHS
		  Nodos:
		   Nodo 0:
			Type: I4
			ID: I128
		   Nodo 1:
			Type: I2
			ID: I125
		   Nodo 2:
			Type: I3
			ID: I127
		   Nodo 3:
			Type: I2
			ID: I126
		  Arestas:
		   Aresta 0:
			Type: I6
			ID: I129
			Nodo Fonte: I125
			Nodo Destino: I126
		   Aresta 1:
			Type: I8
			ID: I130
			Nodo Fonte: I127
			Nodo Destino: I125
			Imprimindo NACs...
		 Grafo:
		  Tipo: NAC
		  Nodos:
		   Nodo 0:
			Type: I2
			ID: I137
		   Nodo 1:
			Type: I4
			ID: I136
		  Arestas:
		   Aresta 0:
			Type: I7
			ID: I138
			Nodo Fonte: I136
			Nodo Destino: I137
		 Grafo:
		  Tipo: NAC
		  Nodos:
		   Nodo 0:
			Type: I5
			ID: I133
		   Nodo 1:
			Type: I2
			ID: I132
		  Arestas:
		   Aresta 0:
			Type: I6
			ID: I134
			Nodo Fonte: I133
			Nodo Destino: I132
		 Grafo:
		  Tipo: NAC
		  Nodos:
		   Nodo 0:
			Type: I2
			ID: I141
		   Nodo 1:
			Type: I5
			ID: I140
		   Nodo 2:
			Type: I2
			ID: I142
		  Arestas:
		   Aresta 0:
			Type: I6
			ID: I144
			Nodo Fonte: I140
			Nodo Destino: I141
		   Aresta 1:
			Type: I6
			ID: I143
			Nodo Fonte: I141
			Nodo Destino: I142
		 Grafo:
		  Tipo: NAC
		  Nodos:
		   Nodo 0:
			Type: I2
			ID: I147
		   Nodo 1:
			Type: I4
			ID: I146
		  Arestas:
		   Aresta 0:
			Type: I7
			ID: I148
			Nodo Fonte: I146
			Nodo Destino: I147
		Imprimindo a regra createApples:
		 Grafo:
		  Tipo: LHS
		  Nodos:
		   Nodo 0:
			Type: I5
			ID: I222
		   Nodo 1:
			Type: I2
			ID: I221
		  Arestas:
		   Aresta 0:
			Type: I6
			ID: I223
			Nodo Fonte: I222
			Nodo Destino: I221
		 Grafo:
		  Tipo: RHS
		  Nodos:
		   Nodo 0:
			Type: I5
			ID: I225
		   Nodo 1:
			Type: I2
			ID: I226
		   Nodo 2:
			Type: I4
			ID: I227
		  Arestas:
		   Aresta 0:
			Type: I6
			ID: I228
			Nodo Fonte: I225
			Nodo Destino: I226
		   Aresta 1:
			Type: I7
			ID: I229
			Nodo Fonte: I227
			Nodo Destino: I226
			Imprimindo NACs...
		 Grafo:
		  Tipo: NAC
		  Nodos:
		   Nodo 0:
			Type: I2
			ID: I232
		   Nodo 1:
			Type: I5
			ID: I231
		   Nodo 2:
			Type: I4
			ID: I233
		  Arestas:
		   Aresta 0:
			Type: I7
			ID: I235
			Nodo Fonte: I233
			Nodo Destino: I232
		   Aresta 1:
			Type: I6
			ID: I234
			Nodo Fonte: I231
			Nodo Destino: I232
